<?xml version="1.0" encoding="UTF-8"?>
<testsuite xmlns:xsi="http://www.w3.org/2001/XMLSchema-instance" xsi:noNamespaceSchemaLocation="https://maven.apache.org/surefire/maven-surefire-plugin/xsd/surefire-test-report.xsd" name="org.tokopedia.training.AppTest" time="0.037" tests="11" errors="0" skipped="0" failures="0">
  <properties>
    <property name="gopherProxySet" value="false"/>
    <property name="awt.toolkit" value="sun.lwawt.macosx.LWCToolkit"/>
    <property name="java.specification.version" value="11"/>
    <property name="sun.cpu.isalist" value=""/>
    <property name="sun.jnu.encoding" value="UTF-8"/>
    <property name="java.class.path" value="/Users/nakama/eclipse-workspace/training/target/test-classes:/Users/nakama/eclipse-workspace/training/target/classes:/Users/nakama/.m2/repository/junit/junit/4.11/junit-4.11.jar:/Users/nakama/.m2/repository/org/hamcrest/hamcrest-core/1.3/hamcrest-core-1.3.jar:"/>
    <property name="java.vm.vendor" value="Oracle Corporation"/>
    <property name="sun.arch.data.model" value="64"/>
    <property name="java.vendor.url" value="https://openjdk.java.net/"/>
    <property name="user.timezone" value=""/>
    <property name="java.vm.specification.version" value="11"/>
    <property name="os.name" value="Mac OS X"/>
    <property name="sun.java.launcher" value="SUN_STANDARD"/>
    <property name="user.country" value="ID"/>
    <property name="sun.boot.library.path" value="/Library/Java/JavaVirtualMachines/jdk-11.0.10.jdk/Contents/Home/lib"/>
    <property name="sun.java.command" value="/Users/nakama/eclipse-workspace/training/target/surefire/surefirebooter1765834622579781056.jar /Users/nakama/eclipse-workspace/training/target/surefire 2021-09-26T19-31-34_697-jvmRun1 surefire13624753150957915608tmp surefire_06427612953364338146tmp"/>
    <property name="http.nonProxyHosts" value="local|*.local|169.254/16|*.169.254/16"/>
    <property name="jdk.debug" value="release"/>
    <property name="surefire.test.class.path" value="/Users/nakama/eclipse-workspace/training/target/test-classes:/Users/nakama/eclipse-workspace/training/target/classes:/Users/nakama/.m2/repository/junit/junit/4.11/junit-4.11.jar:/Users/nakama/.m2/repository/org/hamcrest/hamcrest-core/1.3/hamcrest-core-1.3.jar:"/>
    <property name="sun.cpu.endian" value="little"/>
    <property name="user.home" value="/Users/nakama"/>
    <property name="user.language" value="en"/>
    <property name="java.specification.vendor" value="Oracle Corporation"/>
    <property name="java.version.date" value="2021-01-19"/>
    <property name="java.home" value="/Library/Java/JavaVirtualMachines/jdk-11.0.10.jdk/Contents/Home"/>
    <property name="file.separator" value="/"/>
    <property name="basedir" value="/Users/nakama/eclipse-workspace/training"/>
    <property name="java.vm.compressedOopsMode" value="Zero based"/>
    <property name="line.separator" value="&#10;"/>
    <property name="java.specification.name" value="Java Platform API Specification"/>
    <property name="java.vm.specification.vendor" value="Oracle Corporation"/>
    <property name="java.awt.graphicsenv" value="sun.awt.CGraphicsEnvironment"/>
    <property name="surefire.real.class.path" value="/Users/nakama/eclipse-workspace/training/target/surefire/surefirebooter1765834622579781056.jar"/>
    <property name="sun.management.compiler" value="HotSpot 64-Bit Tiered Compilers"/>
    <property name="ftp.nonProxyHosts" value="local|*.local|169.254/16|*.169.254/16"/>
    <property name="java.runtime.version" value="11.0.10+8-LTS-162"/>
    <property name="user.name" value="nakama"/>
    <property name="path.separator" value=":"/>
    <property name="os.version" value="10.16"/>
    <property name="java.runtime.name" value="Java(TM) SE Runtime Environment"/>
    <property name="file.encoding" value="UTF-8"/>
    <property name="java.vm.name" value="Java HotSpot(TM) 64-Bit Server VM"/>
    <property name="java.vendor.version" value="18.9"/>
    <property name="localRepository" value="/Users/nakama/.m2/repository"/>
    <property name="java.vendor.url.bug" value="https://bugreport.java.com/bugreport/"/>
    <property name="java.io.tmpdir" value="/var/folders/bs/t_zzj1f90rsc8k1m8xxl14200000gn/T/"/>
    <property name="java.version" value="11.0.10"/>
    <property name="user.dir" value="/Users/nakama/eclipse-workspace/training"/>
    <property name="os.arch" value="x86_64"/>
    <property name="java.vm.specification.name" value="Java Virtual Machine Specification"/>
    <property name="java.awt.printerjob" value="sun.lwawt.macosx.CPrinterJob"/>
    <property name="sun.os.patch.level" value="unknown"/>
    <property name="java.library.path" value="/Users/nakama/Library/Java/Extensions:/Library/Java/Extensions:/Network/Library/Java/Extensions:/System/Library/Java/Extensions:/usr/lib/java:."/>
    <property name="java.vendor" value="Oracle Corporation"/>
    <property name="java.vm.info" value="mixed mode"/>
    <property name="java.vm.version" value="11.0.10+8-LTS-162"/>
    <property name="sun.io.unicode.encoding" value="UnicodeBig"/>
    <property name="java.class.version" value="55.0"/>
    <property name="socksNonProxyHosts" value="local|*.local|169.254/16|*.169.254/16"/>
  </properties>
  <testcase name="assertOrderPriceExceedQty" classname="org.tokopedia.training.AppTest" time="0.006"/>
  <testcase name="assertNewMemberFee" classname="org.tokopedia.training.AppTest" time="0"/>
  <testcase name="assertQuantityDynamicEveryDay" classname="org.tokopedia.training.AppTest" time="0.001"/>
  <testcase name="assertPaymentCreditCard" classname="org.tokopedia.training.AppTest" time="0"/>
  <testcase name="assertGetTotalPrice" classname="org.tokopedia.training.AppTest" time="0.001"/>
  <testcase name="assertPriceDynamicEveryDay" classname="org.tokopedia.training.AppTest" time="0"/>
  <testcase name="assertOtherPayment" classname="org.tokopedia.training.AppTest" time="0"/>
  <testcase name="assertPaymentMoreThan100" classname="org.tokopedia.training.AppTest" time="0"/>
  <testcase name="assertExistingMemberFee" classname="org.tokopedia.training.AppTest" time="0"/>
  <testcase name="assertNewMemberDiscount" classname="org.tokopedia.training.AppTest" time="0"/>
  <testcase name="assertExistingMemberDiscount" classname="org.tokopedia.training.AppTest" time="0.001"/>
</testsuite>